# JRE version: OpenJDK Runtime Environment (21.0.5) (build 21.0.5+-13047016-b750.29)
# Java VM: OpenJDK 64-Bit Server VM (21.0.5+-13047016-b750.29, mixed mode, tiered, compressed oops, compressed class ptrs, g1 gc, windows-amd64)
GC Precious Log:
 CardTable entry size: 512
 Card Set container configuration: InlinePtr #cards 5 size 8 Array Of Cards #cards 12 size 40 Howl #buckets 4 coarsen threshold 1843 Howl Bitmap #cards 512 size 80 coarsen threshold 460 Card regions per heap region 1 cards per card region 2048
 CPUs: 12 total, 12 available
 Memory: 8013M
 Large Page Support: Disabled
 NUMA Support: Disabled
 Compressed Oops: Enabled (32-bit)
 Heap Region Size: 1M
 Heap Min Capacity: 8M
 Heap Initial Capacity: 126M
 Heap Max Capacity: 2G
 Pre-touch: Disabled
 Parallel Workers: 10
 Concurrent Workers: 3
 Concurrent Refinement Workers: 10
 Periodic GC: Disabled
Heap:
 garbage-first heap   total 387072K, used 208686K [0x0000000080000000, 0x0000000100000000)
  region size 1024K, 2 young (2048K), 2 survivors (2048K)
 Metaspace       used 64633K, committed 66176K, reserved 1114112K
  class space    used 8679K, committed 9472K, reserved 1048576K
GC Heap History (20 events):
Event: 14.423 GC heap after
{Heap after GC invocations=49 (full 0):
 garbage-first heap   total 195584K, used 93852K [0x0000000080000000, 0x0000000100000000)
  region size 1024K, 11 young (11264K), 11 survivors (11264K)
 Metaspace       used 64329K, committed 65856K, reserved 1114112K
  class space    used 8685K, committed 9472K, reserved 1048576K
}
Event: 14.559 GC heap before
{Heap before GC invocations=49 (full 0):
 garbage-first heap   total 195584K, used 171676K [0x0000000080000000, 0x0000000100000000)
  region size 1024K, 87 young (89088K), 11 survivors (11264K)
 Metaspace       used 64329K, committed 65856K, reserved 1114112K
  class space    used 8685K, committed 9472K, reserved 1048576K
}
Event: 14.566 GC heap after
{Heap after GC invocations=50 (full 0):
 garbage-first heap   total 195584K, used 98251K [0x0000000080000000, 0x0000000100000000)
  region size 1024K, 9 young (9216K), 9 survivors (9216K)
 Metaspace       used 64329K, committed 65856K, reserved 1114112K
  class space    used 8685K, committed 9472K, reserved 1048576K
}
Event: 14.730 GC heap before
{Heap before GC invocations=51 (full 0):
 garbage-first heap   total 195584K, used 175051K [0x0000000080000000, 0x0000000100000000)
  region size 1024K, 84 young (86016K), 9 survivors (9216K)
 Metaspace       used 64305K, committed 65856K, reserved 1114112K
  class space    used 8678K, committed 9472K, reserved 1048576K
}
Event: 14.735 GC heap after
{Heap after GC invocations=52 (full 0):
 garbage-first heap   total 195584K, used 101267K [0x0000000080000000, 0x0000000100000000)
  region size 1024K, 8 young (8192K), 8 survivors (8192K)
 Metaspace       used 64305K, committed 65856K, reserved 1114112K
  class space    used 8678K, committed 9472K, reserved 1048576K
}
Event: 14.967 GC heap before
{Heap before GC invocations=52 (full 0):
 garbage-first heap   total 195584K, used 179091K [0x0000000080000000, 0x0000000100000000)
  region size 1024K, 80 young (81920K), 8 survivors (8192K)
 Metaspace       used 64370K, committed 65920K, reserved 1114112K
  class space    used 8679K, committed 9472K, reserved 1048576K
}
Event: 15.003 GC heap after
{Heap after GC invocations=53 (full 0):
 garbage-first heap   total 231424K, used 141655K [0x0000000080000000, 0x0000000100000000)
  region size 1024K, 10 young (10240K), 10 survivors (10240K)
 Metaspace       used 64370K, committed 65920K, reserved 1114112K
  class space    used 8679K, committed 9472K, reserved 1048576K
}
Event: 15.016 GC heap before
{Heap before GC invocations=53 (full 0):
 garbage-first heap   total 231424K, used 144727K [0x0000000080000000, 0x0000000100000000)
  region size 1024K, 14 young (14336K), 10 survivors (10240K)
 Metaspace       used 64370K, committed 65920K, reserved 1114112K
  class space    used 8679K, committed 9472K, reserved 1048576K
}
Event: 15.027 GC heap after
{Heap after GC invocations=54 (full 0):
 garbage-first heap   total 387072K, used 148345K [0x0000000080000000, 0x0000000100000000)
  region size 1024K, 5 young (5120K), 5 survivors (5120K)
 Metaspace       used 64370K, committed 65920K, reserved 1114112K
  class space    used 8679K, committed 9472K, reserved 1048576K
}
Event: 15.237 GC heap before
{Heap before GC invocations=54 (full 0):
 garbage-first heap   total 387072K, used 245625K [0x0000000080000000, 0x0000000100000000)
  region size 1024K, 100 young (102400K), 5 survivors (5120K)
 Metaspace       used 64531K, committed 66048K, reserved 1114112K
  class space    used 8679K, committed 9472K, reserved 1048576K
}
Event: 15.259 GC heap after
{Heap after GC invocations=55 (full 0):
 garbage-first heap   total 387072K, used 177761K [0x0000000080000000, 0x0000000100000000)
  region size 1024K, 14 young (14336K), 14 survivors (14336K)
 Metaspace       used 64531K, committed 66048K, reserved 1114112K
  class space    used 8679K, committed 9472K, reserved 1048576K
}
Event: 15.470 GC heap before
{Heap before GC invocations=56 (full 0):
 garbage-first heap   total 387072K, used 262753K [0x0000000080000000, 0x0000000100000000)
  region size 1024K, 108 young (110592K), 14 survivors (14336K)
 Metaspace       used 64577K, committed 66112K, reserved 1114112K
  class space    used 8679K, committed 9472K, reserved 1048576K
}
Event: 15.502 GC heap after
{Heap after GC invocations=57 (full 0):
 garbage-first heap   total 387072K, used 182272K [0x0000000080000000, 0x0000000100000000)
  region size 1024K, 14 young (14336K), 14 survivors (14336K)
 Metaspace       used 64577K, committed 66112K, reserved 1114112K
  class space    used 8679K, committed 9472K, reserved 1048576K
}
Event: 15.698 GC heap before
{Heap before GC invocations=57 (full 0):
 garbage-first heap   total 387072K, used 286720K [0x0000000080000000, 0x0000000100000000)
  region size 1024K, 114 young (116736K), 14 survivors (14336K)
 Metaspace       used 64593K, committed 66112K, reserved 1114112K
  class space    used 8679K, committed 9472K, reserved 1048576K
}
Event: 15.724 GC heap after
{Heap after GC invocations=58 (full 0):
 garbage-first heap   total 387072K, used 201728K [0x0000000080000000, 0x0000000100000000)
  region size 1024K, 15 young (15360K), 15 survivors (15360K)
 Metaspace       used 64593K, committed 66112K, reserved 1114112K
  class space    used 8679K, committed 9472K, reserved 1048576K
}
Event: 15.876 GC heap before
{Heap before GC invocations=58 (full 0):
 garbage-first heap   total 387072K, used 270336K [0x0000000080000000, 0x0000000100000000)
  region size 1024K, 83 young (84992K), 15 survivors (15360K)
 Metaspace       used 64596K, committed 66112K, reserved 1114112K
  class space    used 8679K, committed 9472K, reserved 1048576K
}
Event: 15.899 GC heap after
{Heap after GC invocations=59 (full 0):
 garbage-first heap   total 387072K, used 224656K [0x0000000080000000, 0x0000000100000000)
  region size 1024K, 14 young (14336K), 14 survivors (14336K)
 Metaspace       used 64596K, committed 66112K, reserved 1114112K
  class space    used 8679K, committed 9472K, reserved 1048576K
}
Event: 16.325 GC heap before
{Heap before GC invocations=60 (full 0):
 garbage-first heap   total 387072K, used 310672K [0x0000000080000000, 0x0000000100000000)
  region size 1024K, 98 young (100352K), 14 survivors (14336K)
 Metaspace       used 64629K, committed 66176K, reserved 1114112K
  class space    used 8679K, committed 9472K, reserved 1048576K
}
Event: 16.340 GC heap after
{Heap after GC invocations=61 (full 0):
 garbage-first heap   total 387072K, used 237356K [0x0000000080000000, 0x0000000100000000)
  region size 1024K, 12 young (12288K), 12 survivors (12288K)
 Metaspace       used 64629K, committed 66176K, reserved 1114112K
  class space    used 8679K, committed 9472K, reserved 1048576K
}
Event: 16.608 GC heap before
{Heap before GC invocations=61 (full 0):
 garbage-first heap   total 387072K, used 321324K [0x0000000080000000, 0x0000000100000000)
  region size 1024K, 94 young (96256K), 12 survivors (12288K)
 Metaspace       used 64633K, committed 66176K, reserved 1114112K
  class space    used 8679K, committed 9472K, reserved 1048576K
}

