# JRE version: OpenJDK Runtime Environment (21.0.5) (build 21.0.5+-13047016-b750.29)
# Java VM: OpenJDK 64-Bit Server VM (21.0.5+-13047016-b750.29, mixed mode, tiered, compressed oops, compressed class ptrs, g1 gc, windows-amd64)
GC Precious Log:
 CardTable entry size: 512
 Card Set container configuration: InlinePtr #cards 5 size 8 Array Of Cards #cards 12 size 40 Howl #buckets 4 coarsen threshold 1843 Howl Bitmap #cards 512 size 80 coarsen threshold 460 Card regions per heap region 1 cards per card region 2048
 CPUs: 12 total, 12 available
 Memory: 8013M
 Large Page Support: Disabled
 NUMA Support: Disabled
 Compressed Oops: Enabled (32-bit)
 Heap Region Size: 1M
 Heap Min Capacity: 8M
 Heap Initial Capacity: 126M
 Heap Max Capacity: 2G
 Pre-touch: Disabled
 Parallel Workers: 10
 Concurrent Workers: 3
 Concurrent Refinement Workers: 10
 Periodic GC: Disabled
Heap:
 garbage-first heap   total 231424K, used 96812K [0x0000000080000000, 0x0000000100000000)
  region size 1024K, 9 young (9216K), 9 survivors (9216K)
 Metaspace       used 58152K, committed 59648K, reserved 1114112K
  class space    used 7856K, committed 8576K, reserved 1048576K
GC Heap History (20 events):
Event: 5.265 GC heap after
{Heap after GC invocations=18 (full 0):
 garbage-first heap   total 231424K, used 97988K [0x0000000080000000, 0x0000000100000000)
  region size 1024K, 2 young (2048K), 2 survivors (2048K)
 Metaspace       used 58032K, committed 59584K, reserved 1114112K
  class space    used 7850K, committed 8576K, reserved 1048576K
}
Event: 5.617 GC heap before
{Heap before GC invocations=18 (full 0):
 garbage-first heap   total 231424K, used 190148K [0x0000000080000000, 0x0000000100000000)
  region size 1024K, 92 young (94208K), 2 survivors (2048K)
 Metaspace       used 58119K, committed 59648K, reserved 1114112K
  class space    used 7851K, committed 8576K, reserved 1048576K
}
Event: 5.620 GC heap after
{Heap after GC invocations=19 (full 0):
 garbage-first heap   total 231424K, used 99030K [0x0000000080000000, 0x0000000100000000)
  region size 1024K, 3 young (3072K), 3 survivors (3072K)
 Metaspace       used 58119K, committed 59648K, reserved 1114112K
  class space    used 7851K, committed 8576K, reserved 1048576K
}
Event: 5.979 GC heap before
{Heap before GC invocations=20 (full 0):
 garbage-first heap   total 231424K, used 194262K [0x0000000080000000, 0x0000000100000000)
  region size 1024K, 99 young (101376K), 3 survivors (3072K)
 Metaspace       used 58132K, committed 59648K, reserved 1114112K
  class space    used 7852K, committed 8576K, reserved 1048576K
}
Event: 5.984 GC heap after
{Heap after GC invocations=21 (full 0):
 garbage-first heap   total 231424K, used 97272K [0x0000000080000000, 0x0000000100000000)
  region size 1024K, 5 young (5120K), 5 survivors (5120K)
 Metaspace       used 58132K, committed 59648K, reserved 1114112K
  class space    used 7852K, committed 8576K, reserved 1048576K
}
Event: 6.428 GC heap before
{Heap before GC invocations=21 (full 0):
 garbage-first heap   total 231424K, used 202744K [0x0000000080000000, 0x0000000100000000)
  region size 1024K, 108 young (110592K), 5 survivors (5120K)
 Metaspace       used 58135K, committed 59648K, reserved 1114112K
  class space    used 7852K, committed 8576K, reserved 1048576K
}
Event: 6.433 GC heap after
{Heap after GC invocations=22 (full 0):
 garbage-first heap   total 231424K, used 92457K [0x0000000080000000, 0x0000000100000000)
  region size 1024K, 6 young (6144K), 6 survivors (6144K)
 Metaspace       used 58135K, committed 59648K, reserved 1114112K
  class space    used 7852K, committed 8576K, reserved 1048576K
}
Event: 6.776 GC heap before
{Heap before GC invocations=22 (full 0):
 garbage-first heap   total 231424K, used 208169K [0x0000000080000000, 0x0000000100000000)
  region size 1024K, 119 young (121856K), 6 survivors (6144K)
 Metaspace       used 58138K, committed 59648K, reserved 1114112K
  class space    used 7852K, committed 8576K, reserved 1048576K
}
Event: 6.781 GC heap after
{Heap after GC invocations=23 (full 0):
 garbage-first heap   total 231424K, used 94360K [0x0000000080000000, 0x0000000100000000)
  region size 1024K, 8 young (8192K), 8 survivors (8192K)
 Metaspace       used 58138K, committed 59648K, reserved 1114112K
  class space    used 7852K, committed 8576K, reserved 1048576K
}
Event: 7.185 GC heap before
{Heap before GC invocations=24 (full 0):
 garbage-first heap   total 231424K, used 210072K [0x0000000080000000, 0x0000000100000000)
  region size 1024K, 121 young (123904K), 8 survivors (8192K)
 Metaspace       used 58142K, committed 59648K, reserved 1114112K
  class space    used 7852K, committed 8576K, reserved 1048576K
}
Event: 7.190 GC heap after
{Heap after GC invocations=25 (full 0):
 garbage-first heap   total 231424K, used 95675K [0x0000000080000000, 0x0000000100000000)
  region size 1024K, 9 young (9216K), 9 survivors (9216K)
 Metaspace       used 58142K, committed 59648K, reserved 1114112K
  class space    used 7852K, committed 8576K, reserved 1048576K
}
Event: 7.542 GC heap before
{Heap before GC invocations=25 (full 0):
 garbage-first heap   total 231424K, used 209339K [0x0000000080000000, 0x0000000100000000)
  region size 1024K, 120 young (122880K), 9 survivors (9216K)
 Metaspace       used 58145K, committed 59648K, reserved 1114112K
  class space    used 7853K, committed 8576K, reserved 1048576K
}
Event: 7.549 GC heap after
{Heap after GC invocations=26 (full 0):
 garbage-first heap   total 231424K, used 93527K [0x0000000080000000, 0x0000000100000000)
  region size 1024K, 9 young (9216K), 9 survivors (9216K)
 Metaspace       used 58145K, committed 59648K, reserved 1114112K
  class space    used 7853K, committed 8576K, reserved 1048576K
}
Event: 7.899 GC heap before
{Heap before GC invocations=26 (full 0):
 garbage-first heap   total 231424K, used 209239K [0x0000000080000000, 0x0000000100000000)
  region size 1024K, 122 young (124928K), 9 survivors (9216K)
 Metaspace       used 58150K, committed 59648K, reserved 1114112K
  class space    used 7856K, committed 8576K, reserved 1048576K
}
Event: 7.906 GC heap after
{Heap after GC invocations=27 (full 0):
 garbage-first heap   total 231424K, used 95290K [0x0000000080000000, 0x0000000100000000)
  region size 1024K, 10 young (10240K), 10 survivors (10240K)
 Metaspace       used 58150K, committed 59648K, reserved 1114112K
  class space    used 7856K, committed 8576K, reserved 1048576K
}
Event: 8.200 GC heap before
{Heap before GC invocations=28 (full 0):
 garbage-first heap   total 231424K, used 207930K [0x0000000080000000, 0x0000000100000000)
  region size 1024K, 120 young (122880K), 10 survivors (10240K)
 Metaspace       used 58150K, committed 59648K, reserved 1114112K
  class space    used 7856K, committed 8576K, reserved 1048576K
}
Event: 8.206 GC heap after
{Heap after GC invocations=29 (full 0):
 garbage-first heap   total 231424K, used 96208K [0x0000000080000000, 0x0000000100000000)
  region size 1024K, 9 young (9216K), 9 survivors (9216K)
 Metaspace       used 58150K, committed 59648K, reserved 1114112K
  class space    used 7856K, committed 8576K, reserved 1048576K
}
Event: 8.513 GC heap before
{Heap before GC invocations=29 (full 0):
 garbage-first heap   total 231424K, used 208848K [0x0000000080000000, 0x0000000100000000)
  region size 1024K, 119 young (121856K), 9 survivors (9216K)
 Metaspace       used 58150K, committed 59648K, reserved 1114112K
  class space    used 7856K, committed 8576K, reserved 1048576K
}
Event: 8.519 GC heap after
{Heap after GC invocations=30 (full 0):
 garbage-first heap   total 231424K, used 95717K [0x0000000080000000, 0x0000000100000000)
  region size 1024K, 8 young (8192K), 8 survivors (8192K)
 Metaspace       used 58150K, committed 59648K, reserved 1114112K
  class space    used 7856K, committed 8576K, reserved 1048576K
}
Event: 8.830 GC heap before
{Heap before GC invocations=30 (full 0):
 garbage-first heap   total 231424K, used 210405K [0x0000000080000000, 0x0000000100000000)
  region size 1024K, 120 young (122880K), 8 survivors (8192K)
 Metaspace       used 58152K, committed 59648K, reserved 1114112K
  class space    used 7856K, committed 8576K, reserved 1048576K
}

