# JRE version: OpenJDK Runtime Environment (21.0.5) (build 21.0.5+-13047016-b750.29)
# Java VM: OpenJDK 64-Bit Server VM (21.0.5+-13047016-b750.29, mixed mode, tiered, compressed oops, compressed class ptrs, g1 gc, windows-amd64)
GC Precious Log:
 CardTable entry size: 512
 Card Set container configuration: InlinePtr #cards 5 size 8 Array Of Cards #cards 12 size 40 Howl #buckets 4 coarsen threshold 1843 Howl Bitmap #cards 512 size 80 coarsen threshold 460 Card regions per heap region 1 cards per card region 2048
 CPUs: 12 total, 12 available
 Memory: 8013M
 Large Page Support: Disabled
 NUMA Support: Disabled
 Compressed Oops: Enabled (32-bit)
 Heap Region Size: 1M
 Heap Min Capacity: 8M
 Heap Initial Capacity: 126M
 Heap Max Capacity: 2G
 Pre-touch: Disabled
 Parallel Workers: 10
 Concurrent Workers: 3
 Concurrent Refinement Workers: 10
 Periodic GC: Disabled
Heap:
 garbage-first heap   total 118784K, used 102400K [0x0000000080000000, 0x0000000100000000)
  region size 1024K, 39 young (39936K), 5 survivors (5120K)
 Metaspace       used 56623K, committed 58176K, reserved 1114112K
  class space    used 7700K, committed 8448K, reserved 1048576K
GC Heap History (20 events):
Event: 2.198 GC heap before
{Heap before GC invocations=5 (full 0):
 garbage-first heap   total 75776K, used 58154K [0x0000000080000000, 0x0000000100000000)
  region size 1024K, 44 young (45056K), 8 survivors (8192K)
 Metaspace       used 27795K, committed 28352K, reserved 1114112K
  class space    used 3450K, committed 3712K, reserved 1048576K
}
Event: 2.205 GC heap after
{Heap after GC invocations=6 (full 0):
 garbage-first heap   total 75776K, used 23565K [0x0000000080000000, 0x0000000100000000)
  region size 1024K, 5 young (5120K), 5 survivors (5120K)
 Metaspace       used 27795K, committed 28352K, reserved 1114112K
  class space    used 3450K, committed 3712K, reserved 1048576K
}
Event: 2.722 GC heap before
{Heap before GC invocations=6 (full 0):
 garbage-first heap   total 75776K, used 59405K [0x0000000080000000, 0x0000000100000000)
  region size 1024K, 40 young (40960K), 5 survivors (5120K)
 Metaspace       used 32412K, committed 33152K, reserved 1114112K
  class space    used 4229K, committed 4608K, reserved 1048576K
}
Event: 2.727 GC heap after
{Heap after GC invocations=7 (full 0):
 garbage-first heap   total 75776K, used 26018K [0x0000000080000000, 0x0000000100000000)
  region size 1024K, 5 young (5120K), 5 survivors (5120K)
 Metaspace       used 32412K, committed 33152K, reserved 1114112K
  class space    used 4229K, committed 4608K, reserved 1048576K
}
Event: 3.015 GC heap before
{Heap before GC invocations=7 (full 0):
 garbage-first heap   total 75776K, used 58786K [0x0000000080000000, 0x0000000100000000)
  region size 1024K, 27 young (27648K), 5 survivors (5120K)
 Metaspace       used 35141K, committed 35968K, reserved 1114112K
  class space    used 4711K, committed 5120K, reserved 1048576K
}
Event: 3.019 GC heap after
{Heap after GC invocations=8 (full 0):
 garbage-first heap   total 75776K, used 41318K [0x0000000080000000, 0x0000000100000000)
  region size 1024K, 4 young (4096K), 4 survivors (4096K)
 Metaspace       used 35141K, committed 35968K, reserved 1114112K
  class space    used 4711K, committed 5120K, reserved 1048576K
}
Event: 3.357 GC heap before
{Heap before GC invocations=9 (full 0):
 garbage-first heap   total 75776K, used 65894K [0x0000000080000000, 0x0000000100000000)
  region size 1024K, 27 young (27648K), 4 survivors (4096K)
 Metaspace       used 38113K, committed 39104K, reserved 1114112K
  class space    used 5175K, committed 5632K, reserved 1048576K
}
Event: 3.360 GC heap after
{Heap after GC invocations=10 (full 0):
 garbage-first heap   total 91136K, used 44064K [0x0000000080000000, 0x0000000100000000)
  region size 1024K, 2 young (2048K), 2 survivors (2048K)
 Metaspace       used 38113K, committed 39104K, reserved 1114112K
  class space    used 5175K, committed 5632K, reserved 1048576K
}
Event: 3.693 GC heap before
{Heap before GC invocations=10 (full 0):
 garbage-first heap   total 91136K, used 76832K [0x0000000080000000, 0x0000000100000000)
  region size 1024K, 34 young (34816K), 2 survivors (2048K)
 Metaspace       used 42544K, committed 43776K, reserved 1114112K
  class space    used 5903K, committed 6528K, reserved 1048576K
}
Event: 3.698 GC heap after
{Heap after GC invocations=11 (full 0):
 garbage-first heap   total 91136K, used 45456K [0x0000000080000000, 0x0000000100000000)
  region size 1024K, 3 young (3072K), 3 survivors (3072K)
 Metaspace       used 42544K, committed 43776K, reserved 1114112K
  class space    used 5903K, committed 6528K, reserved 1048576K
}
Event: 4.113 GC heap before
{Heap before GC invocations=11 (full 0):
 garbage-first heap   total 91136K, used 77200K [0x0000000080000000, 0x0000000100000000)
  region size 1024K, 35 young (35840K), 3 survivors (3072K)
 Metaspace       used 48971K, committed 50240K, reserved 1114112K
  class space    used 6613K, committed 7232K, reserved 1048576K
}
Event: 4.119 GC heap after
{Heap after GC invocations=12 (full 0):
 garbage-first heap   total 91136K, used 49624K [0x0000000080000000, 0x0000000100000000)
  region size 1024K, 5 young (5120K), 5 survivors (5120K)
 Metaspace       used 48971K, committed 50240K, reserved 1114112K
  class space    used 6613K, committed 7232K, reserved 1048576K
}
Event: 4.363 GC heap before
{Heap before GC invocations=13 (full 0):
 garbage-first heap   total 91136K, used 83416K [0x0000000080000000, 0x0000000100000000)
  region size 1024K, 34 young (34816K), 5 survivors (5120K)
 Metaspace       used 50971K, committed 52288K, reserved 1114112K
  class space    used 6764K, committed 7424K, reserved 1048576K
}
Event: 4.369 GC heap after
{Heap after GC invocations=14 (full 0):
 garbage-first heap   total 94208K, used 52403K [0x0000000080000000, 0x0000000100000000)
  region size 1024K, 4 young (4096K), 4 survivors (4096K)
 Metaspace       used 50971K, committed 52288K, reserved 1114112K
  class space    used 6764K, committed 7424K, reserved 1048576K
}
Event: 4.827 GC heap before
{Heap before GC invocations=14 (full 0):
 garbage-first heap   total 94208K, used 82099K [0x0000000080000000, 0x0000000100000000)
  region size 1024K, 33 young (33792K), 4 survivors (4096K)
 Metaspace       used 54612K, committed 56064K, reserved 1114112K
  class space    used 7374K, committed 8064K, reserved 1048576K
}
Event: 4.834 GC heap after
{Heap after GC invocations=15 (full 0):
 garbage-first heap   total 94208K, used 53224K [0x0000000080000000, 0x0000000100000000)
  region size 1024K, 2 young (2048K), 2 survivors (2048K)
 Metaspace       used 54612K, committed 56064K, reserved 1114112K
  class space    used 7374K, committed 8064K, reserved 1048576K
}
Event: 5.438 GC heap before
{Heap before GC invocations=15 (full 0):
 garbage-first heap   total 94208K, used 64488K [0x0000000080000000, 0x0000000100000000)
  region size 1024K, 15 young (15360K), 2 survivors (2048K)
 Metaspace       used 55931K, committed 57472K, reserved 1114112K
  class space    used 7604K, committed 8384K, reserved 1048576K
}
Event: 5.445 GC heap after
{Heap after GC invocations=16 (full 0):
 garbage-first heap   total 94208K, used 53888K [0x0000000080000000, 0x0000000100000000)
  region size 1024K, 3 young (3072K), 3 survivors (3072K)
 Metaspace       used 55931K, committed 57472K, reserved 1114112K
  class space    used 7604K, committed 8384K, reserved 1048576K
}
Event: 5.774 GC heap before
{Heap before GC invocations=17 (full 0):
 garbage-first heap   total 96256K, used 84608K [0x0000000080000000, 0x0000000100000000)
  region size 1024K, 32 young (32768K), 3 survivors (3072K)
 Metaspace       used 56598K, committed 58112K, reserved 1114112K
  class space    used 7700K, committed 8448K, reserved 1048576K
}
Event: 5.783 GC heap after
{Heap after GC invocations=18 (full 0):
 garbage-first heap   total 118784K, used 65536K [0x0000000080000000, 0x0000000100000000)
  region size 1024K, 4 young (4096K), 4 survivors (4096K)
 Metaspace       used 56598K, committed 58112K, reserved 1114112K
  class space    used 7700K, committed 8448K, reserved 1048576K
}

